0 info it worked if it ends with ok
1 verbose cli [ '/Users/julaud/.nvm/versions/node/v6.2.0/bin/node',
1 verbose cli   '/Users/julaud/.nvm/versions/node/v6.2.0/bin/npm',
1 verbose cli   'run',
1 verbose cli   'pages' ]
2 info using npm@3.8.9
3 info using node@v6.2.0
4 verbose run-script [ 'prepages', 'pages', 'postpages' ]
5 info lifecycle pan-crawl@1.0.0~prepages: pan-crawl@1.0.0
6 silly lifecycle pan-crawl@1.0.0~prepages: no script for prepages, continuing
7 info lifecycle pan-crawl@1.0.0~pages: pan-crawl@1.0.0
8 verbose lifecycle pan-crawl@1.0.0~pages: unsafe-perm in lifecycle true
9 verbose lifecycle pan-crawl@1.0.0~pages: PATH: /Users/julaud/.nvm/versions/node/v6.2.0/lib/node_modules/npm/bin/node-gyp-bin:/Users/julaud/www/panli/chrome-ext/PanCrawl/node_modules/.bin:/Users/julaud/.nvm/versions/node/v6.2.0/bin:/Users/julaud/bin:/usr/local/bin:/Users/julaud/bin:/Users/julaud/go/bin:/Users/julaud/.nvm/versions/node/v6.2.0/bin:/usr/local/mongodb/bin:/Users/julaud/bin:/usr/local/bin:/Users/julaud/bin:/Users/julaud/go/bin:/usr/local/mongodb/bin:/usr/local/bin:/usr/bin:/bin:/usr/sbin:/sbin:/usr/local/go/bin:/usr/local/go/bin:/usr/local/go/bin
10 verbose lifecycle pan-crawl@1.0.0~pages: CWD: /Users/julaud/www/panli/chrome-ext/PanCrawl
11 silly lifecycle pan-crawl@1.0.0~pages: Args: [ '-c', 'gh-pages -d public' ]
12 silly lifecycle pan-crawl@1.0.0~pages: Returned: code: 1  signal: null
13 info lifecycle pan-crawl@1.0.0~pages: Failed to exec pages script
14 verbose stack Error: pan-crawl@1.0.0 pages: `gh-pages -d public`
14 verbose stack Exit status 1
14 verbose stack     at EventEmitter.<anonymous> (/Users/julaud/.nvm/versions/node/v6.2.0/lib/node_modules/npm/lib/utils/lifecycle.js:245:16)
14 verbose stack     at emitTwo (events.js:106:13)
14 verbose stack     at EventEmitter.emit (events.js:191:7)
14 verbose stack     at ChildProcess.<anonymous> (/Users/julaud/.nvm/versions/node/v6.2.0/lib/node_modules/npm/lib/utils/spawn.js:24:14)
14 verbose stack     at emitTwo (events.js:106:13)
14 verbose stack     at ChildProcess.emit (events.js:191:7)
14 verbose stack     at maybeClose (internal/child_process.js:850:16)
14 verbose stack     at Process.ChildProcess._handle.onexit (internal/child_process.js:215:5)
15 verbose pkgid pan-crawl@1.0.0
16 verbose cwd /Users/julaud/www/panli/chrome-ext/PanCrawl
17 error Darwin 15.5.0
18 error argv "/Users/julaud/.nvm/versions/node/v6.2.0/bin/node" "/Users/julaud/.nvm/versions/node/v6.2.0/bin/npm" "run" "pages"
19 error node v6.2.0
20 error npm  v3.8.9
21 error code ELIFECYCLE
22 error pan-crawl@1.0.0 pages: `gh-pages -d public`
22 error Exit status 1
23 error Failed at the pan-crawl@1.0.0 pages script 'gh-pages -d public'.
23 error Make sure you have the latest version of node.js and npm installed.
23 error If you do, this is most likely a problem with the pan-crawl package,
23 error not with npm itself.
23 error Tell the author that this fails on your system:
23 error     gh-pages -d public
23 error You can get information on how to open an issue for this project with:
23 error     npm bugs pan-crawl
23 error Or if that isn't available, you can get their info via:
23 error     npm owner ls pan-crawl
23 error There is likely additional logging output above.
24 verbose exit [ 1, true ]
